<?xml version="1.0" encoding="UTF-8"?>
<!-- Generated by org.testng.reporters.JUnitReportReporter -->
<testsuite hostname="Faizam-ThinkPad-T440p" name="my.com.selenex.MainTest" tests="1" failures="0" timestamp="4 Dec 2017 07:38:12 GMT" time="51.816" errors="0">
  <testcase name="executeTest" time="51.816" classname="my.com.selenex.MainTest"/>
</testsuite> <!-- my.com.selenex.MainTest -->
